{"$message_type":"diagnostic","message":"this function takes 2 arguments but 1 argument was supplied","code":{"code":"E0061","explanation":"An invalid number of arguments was passed when calling a function.\n\nErroneous code example:\n\n```compile_fail,E0061\nfn f(u: i32) {}\n\nf(); // error!\n```\n\nThe number of arguments passed to a function must match the number of arguments\nspecified in the function signature.\n\nFor example, a function like:\n\n```\nfn f(a: u16, b: &str) {}\n```\n\nMust always be called with exactly two arguments, e.g., `f(2, \"test\")`.\n\nNote that Rust does not have a notion of optional function arguments or\nvariadic functions (except for its C-FFI).\n"},"level":"error","spans":[{"file_name":"crates/tdln-wasm/src/lib.rs","byte_start":519,"byte_end":528,"line_start":16,"line_end":16,"column_start":37,"column_end":46,"is_primary":false,"text":[{"text":"    let store = wasmtime::Store::new(&engine);","highlight_start":37,"highlight_end":46}],"label":"argument #2 is missing","suggested_replacement":null,"suggestion_applicability":null,"expansion":null},{"file_name":"crates/tdln-wasm/src/lib.rs","byte_start":499,"byte_end":519,"line_start":16,"line_end":16,"column_start":17,"column_end":37,"is_primary":true,"text":[{"text":"    let store = wasmtime::Store::new(&engine);","highlight_start":17,"highlight_end":37}],"label":null,"suggested_replacement":null,"suggestion_applicability":null,"expansion":null}],"children":[{"message":"associated function defined here","code":null,"level":"note","spans":[{"file_name":"/home/runner/.cargo/registry/src/index.crates.io-1949cf8c6b5b557f/wasmtime-16.0.0/src/store.rs","byte_start":19301,"byte_end":19304,"line_start":473,"line_end":473,"column_start":12,"column_end":15,"is_primary":true,"text":[{"text":"    pub fn new(engine: &Engine, data: T) -> Self {","highlight_start":12,"highlight_end":15}],"label":null,"suggested_replacement":null,"suggestion_applicability":null,"expansion":null}],"children":[],"rendered":null},{"message":"provide the argument","code":null,"level":"help","spans":[{"file_name":"crates/tdln-wasm/src/lib.rs","byte_start":519,"byte_end":528,"line_start":16,"line_end":16,"column_start":37,"column_end":46,"is_primary":true,"text":[{"text":"    let store = wasmtime::Store::new(&engine);","highlight_start":37,"highlight_end":46}],"label":null,"suggested_replacement":"(&engine, /* data */)","suggestion_applicability":"HasPlaceholders","expansion":null}],"children":[],"rendered":null}],"rendered":"\u001b[1m\u001b[91merror[E0061]\u001b[0m\u001b[1m: this function takes 2 arguments but 1 argument was supplied\u001b[0m\n   \u001b[1m\u001b[94m--> \u001b[0mcrates/tdln-wasm/src/lib.rs:16:17\n    \u001b[1m\u001b[94m|\u001b[0m\n \u001b[1m\u001b[94m16\u001b[0m \u001b[1m\u001b[94m|\u001b[0m     let store = wasmtime::Store::new(&engine);\n    \u001b[1m\u001b[94m|\u001b[0m                 \u001b[1m\u001b[91m^^^^^^^^^^^^^^^^^^^^\u001b[0m\u001b[1m\u001b[94m---------\u001b[0m \u001b[1m\u001b[94margument #2 is missing\u001b[0m\n    \u001b[1m\u001b[94m|\u001b[0m\n\u001b[1m\u001b[92mnote\u001b[0m: associated function defined here\n   \u001b[1m\u001b[94m--> \u001b[0m/home/runner/.cargo/registry/src/index.crates.io-1949cf8c6b5b557f/wasmtime-16.0.0/src/store.rs:473:12\n    \u001b[1m\u001b[94m|\u001b[0m\n\u001b[1m\u001b[94m473\u001b[0m \u001b[1m\u001b[94m|\u001b[0m     pub fn new(engine: &Engine, data: T) -> Self {\n    \u001b[1m\u001b[94m|\u001b[0m            \u001b[1m\u001b[92m^^^\u001b[0m\n\u001b[1m\u001b[96mhelp\u001b[0m: provide the argument\n    \u001b[1m\u001b[94m|\u001b[0m\n \u001b[1m\u001b[94m16\u001b[0m \u001b[1m\u001b[94m| \u001b[0m    let store = wasmtime::Store::new(&engine\u001b[92m, /* data */\u001b[0m);\n    \u001b[1m\u001b[94m|\u001b[0m                                             \u001b[92m++++++++++++\u001b[0m\n\n"}
{"$message_type":"diagnostic","message":"no method named `add_fuel` found for struct `Store<T>` in the current scope","code":{"code":"E0599","explanation":"This error occurs when a method is used on a type which doesn't implement it:\n\nErroneous code example:\n\n```compile_fail,E0599\nstruct Mouth;\n\nlet x = Mouth;\nx.chocolate(); // error: no method named `chocolate` found for type `Mouth`\n               //        in the current scope\n```\n\nIn this case, you need to implement the `chocolate` method to fix the error:\n\n```\nstruct Mouth;\n\nimpl Mouth {\n    fn chocolate(&self) { // We implement the `chocolate` method here.\n        println!(\"Hmmm! I love chocolate!\");\n    }\n}\n\nlet x = Mouth;\nx.chocolate(); // ok!\n```\n"},"level":"error","spans":[{"file_name":"crates/tdln-wasm/src/lib.rs","byte_start":540,"byte_end":548,"line_start":17,"line_end":17,"column_start":11,"column_end":19,"is_primary":true,"text":[{"text":"    store.add_fuel(fuel_limit).ok();","highlight_start":11,"highlight_end":19}],"label":"method not found in `Store<_>`","suggested_replacement":null,"suggestion_applicability":null,"expansion":null}],"children":[],"rendered":"\u001b[1m\u001b[91merror[E0599]\u001b[0m\u001b[1m: no method named `add_fuel` found for struct `Store<T>` in the current scope\u001b[0m\n  \u001b[1m\u001b[94m--> \u001b[0mcrates/tdln-wasm/src/lib.rs:17:11\n   \u001b[1m\u001b[94m|\u001b[0m\n\u001b[1m\u001b[94m17\u001b[0m \u001b[1m\u001b[94m|\u001b[0m     store.add_fuel(fuel_limit).ok();\n   \u001b[1m\u001b[94m|\u001b[0m           \u001b[1m\u001b[91m^^^^^^^^\u001b[0m \u001b[1m\u001b[91mmethod not found in `Store<_>`\u001b[0m\n\n"}
{"$message_type":"diagnostic","message":"the trait bound `&Store<_>: AsContextMut` is not satisfied","code":{"code":"E0277","explanation":"You tried to use a type which doesn't implement some trait in a place which\nexpected that trait.\n\nErroneous code example:\n\n```compile_fail,E0277\n// here we declare the Foo trait with a bar method\ntrait Foo {\n    fn bar(&self);\n}\n\n// we now declare a function which takes an object implementing the Foo trait\nfn some_func<T: Foo>(foo: T) {\n    foo.bar();\n}\n\nfn main() {\n    // we now call the method with the i32 type, which doesn't implement\n    // the Foo trait\n    some_func(5i32); // error: the trait bound `i32 : Foo` is not satisfied\n}\n```\n\nIn order to fix this error, verify that the type you're using does implement\nthe trait. Example:\n\n```\ntrait Foo {\n    fn bar(&self);\n}\n\n// we implement the trait on the i32 type\nimpl Foo for i32 {\n    fn bar(&self) {}\n}\n\nfn some_func<T: Foo>(foo: T) {\n    foo.bar(); // we can now use this method since i32 implements the\n               // Foo trait\n}\n\nfn main() {\n    some_func(5i32); // ok!\n}\n```\n\nOr in a generic context, an erroneous code example would look like:\n\n```compile_fail,E0277\nfn some_func<T>(foo: T) {\n    println!(\"{:?}\", foo); // error: the trait `core::fmt::Debug` is not\n                           //        implemented for the type `T`\n}\n\nfn main() {\n    // We now call the method with the i32 type,\n    // which *does* implement the Debug trait.\n    some_func(5i32);\n}\n```\n\nNote that the error here is in the definition of the generic function. Although\nwe only call it with a parameter that does implement `Debug`, the compiler\nstill rejects the function. It must work with all possible input types. In\norder to make this example compile, we need to restrict the generic type we're\naccepting:\n\n```\nuse std::fmt;\n\n// Restrict the input type to types that implement Debug.\nfn some_func<T: fmt::Debug>(foo: T) {\n    println!(\"{:?}\", foo);\n}\n\nfn main() {\n    // Calling the method is still fine, as i32 implements Debug.\n    some_func(5i32);\n\n    // This would fail to compile now:\n    // struct WithoutDebug;\n    // some_func(WithoutDebug);\n}\n```\n\nRust only looks at the signature of the called function, as such it must\nalready specify all requirements that will be used for every type parameter.\n"},"level":"error","spans":[{"file_name":"crates/tdln-wasm/src/lib.rs","byte_start":797,"byte_end":803,"line_start":22,"line_end":22,"column_start":39,"column_end":45,"is_primary":true,"text":[{"text":"    let instance = linker.instantiate(&store, &module)","highlight_start":39,"highlight_end":45}],"label":"the trait `AsContextMut` is not implemented for `&Store<_>`","suggested_replacement":null,"suggestion_applicability":null,"expansion":null},{"file_name":"crates/tdln-wasm/src/lib.rs","byte_start":785,"byte_end":796,"line_start":22,"line_end":22,"column_start":27,"column_end":38,"is_primary":false,"text":[{"text":"    let instance = linker.instantiate(&store, &module)","highlight_start":27,"highlight_end":38}],"label":"required by a bound introduced by this call","suggested_replacement":null,"suggestion_applicability":null,"expansion":null}],"children":[{"message":"required by a bound in `Linker::<T>::instantiate`","code":null,"level":"note","spans":[{"file_name":"/home/runner/.cargo/registry/src/index.crates.io-1949cf8c6b5b557f/wasmtime-16.0.0/src/linker.rs","byte_start":43016,"byte_end":43027,"line_start":1089,"line_end":1089,"column_start":12,"column_end":23,"is_primary":false,"text":[{"text":"    pub fn instantiate(","highlight_start":12,"highlight_end":23}],"label":"required by a bound in this associated function","suggested_replacement":null,"suggestion_applicability":null,"expansion":null},{"file_name":"/home/runner/.cargo/registry/src/index.crates.io-1949cf8c6b5b557f/wasmtime-16.0.0/src/linker.rs","byte_start":43068,"byte_end":43090,"line_start":1091,"line_end":1091,"column_start":25,"column_end":47,"is_primary":true,"text":[{"text":"        mut store: impl AsContextMut<Data = T>,","highlight_start":25,"highlight_end":47}],"label":"required by this bound in `Linker::<T>::instantiate`","suggested_replacement":null,"suggestion_applicability":null,"expansion":null}],"children":[],"rendered":null},{"message":"consider removing the leading `&`-reference","code":null,"level":"help","spans":[{"file_name":"crates/tdln-wasm/src/lib.rs","byte_start":797,"byte_end":798,"line_start":22,"line_end":22,"column_start":39,"column_end":40,"is_primary":true,"text":[{"text":"    let instance = linker.instantiate(&store, &module)","highlight_start":39,"highlight_end":40}],"label":null,"suggested_replacement":"","suggestion_applicability":"MachineApplicable","expansion":null}],"children":[],"rendered":null}],"rendered":"\u001b[1m\u001b[91merror[E0277]\u001b[0m\u001b[1m: the trait bound `&Store<_>: AsContextMut` is not satisfied\u001b[0m\n    \u001b[1m\u001b[94m--> \u001b[0mcrates/tdln-wasm/src/lib.rs:22:39\n     \u001b[1m\u001b[94m|\u001b[0m\n  \u001b[1m\u001b[94m22\u001b[0m \u001b[1m\u001b[94m|\u001b[0m     let instance = linker.instantiate(&store, &module)\n     \u001b[1m\u001b[94m|\u001b[0m                           \u001b[1m\u001b[94m-----------\u001b[0m \u001b[1m\u001b[91m^^^^^^\u001b[0m \u001b[1m\u001b[91mthe trait `AsContextMut` is not implemented for `&Store<_>`\u001b[0m\n     \u001b[1m\u001b[94m|\u001b[0m                           \u001b[1m\u001b[94m|\u001b[0m\n     \u001b[1m\u001b[94m|\u001b[0m                           \u001b[1m\u001b[94mrequired by a bound introduced by this call\u001b[0m\n     \u001b[1m\u001b[94m|\u001b[0m\n\u001b[1m\u001b[92mnote\u001b[0m: required by a bound in `Linker::<T>::instantiate`\n    \u001b[1m\u001b[94m--> \u001b[0m/home/runner/.cargo/registry/src/index.crates.io-1949cf8c6b5b557f/wasmtime-16.0.0/src/linker.rs:1091:25\n     \u001b[1m\u001b[94m|\u001b[0m\n\u001b[1m\u001b[94m1089\u001b[0m \u001b[1m\u001b[94m|\u001b[0m     pub fn instantiate(\n     \u001b[1m\u001b[94m|\u001b[0m            \u001b[1m\u001b[94m-----------\u001b[0m \u001b[1m\u001b[94mrequired by a bound in this associated function\u001b[0m\n\u001b[1m\u001b[94m1090\u001b[0m \u001b[1m\u001b[94m|\u001b[0m         &self,\n\u001b[1m\u001b[94m1091\u001b[0m \u001b[1m\u001b[94m|\u001b[0m         mut store: impl AsContextMut<Data = T>,\n     \u001b[1m\u001b[94m|\u001b[0m                         \u001b[1m\u001b[92m^^^^^^^^^^^^^^^^^^^^^^\u001b[0m \u001b[1m\u001b[92mrequired by this bound in `Linker::<T>::instantiate`\u001b[0m\n\u001b[1m\u001b[96mhelp\u001b[0m: consider removing the leading `&`-reference\n     \u001b[1m\u001b[94m|\u001b[0m\n  \u001b[1m\u001b[94m22\u001b[0m \u001b[91m- \u001b[0m    let instance = linker.instantiate(\u001b[91m&\u001b[0mstore, &module)\n  \u001b[1m\u001b[94m22\u001b[0m \u001b[92m+ \u001b[0m    let instance = linker.instantiate(store, &module)\n     \u001b[1m\u001b[94m|\u001b[0m\n\n"}
{"$message_type":"diagnostic","message":"the trait bound `&str: AsContextMut` is not satisfied","code":{"code":"E0277","explanation":"You tried to use a type which doesn't implement some trait in a place which\nexpected that trait.\n\nErroneous code example:\n\n```compile_fail,E0277\n// here we declare the Foo trait with a bar method\ntrait Foo {\n    fn bar(&self);\n}\n\n// we now declare a function which takes an object implementing the Foo trait\nfn some_func<T: Foo>(foo: T) {\n    foo.bar();\n}\n\nfn main() {\n    // we now call the method with the i32 type, which doesn't implement\n    // the Foo trait\n    some_func(5i32); // error: the trait bound `i32 : Foo` is not satisfied\n}\n```\n\nIn order to fix this error, verify that the type you're using does implement\nthe trait. Example:\n\n```\ntrait Foo {\n    fn bar(&self);\n}\n\n// we implement the trait on the i32 type\nimpl Foo for i32 {\n    fn bar(&self) {}\n}\n\nfn some_func<T: Foo>(foo: T) {\n    foo.bar(); // we can now use this method since i32 implements the\n               // Foo trait\n}\n\nfn main() {\n    some_func(5i32); // ok!\n}\n```\n\nOr in a generic context, an erroneous code example would look like:\n\n```compile_fail,E0277\nfn some_func<T>(foo: T) {\n    println!(\"{:?}\", foo); // error: the trait `core::fmt::Debug` is not\n                           //        implemented for the type `T`\n}\n\nfn main() {\n    // We now call the method with the i32 type,\n    // which *does* implement the Debug trait.\n    some_func(5i32);\n}\n```\n\nNote that the error here is in the definition of the generic function. Although\nwe only call it with a parameter that does implement `Debug`, the compiler\nstill rejects the function. It must work with all possible input types. In\norder to make this example compile, we need to restrict the generic type we're\naccepting:\n\n```\nuse std::fmt;\n\n// Restrict the input type to types that implement Debug.\nfn some_func<T: fmt::Debug>(foo: T) {\n    println!(\"{:?}\", foo);\n}\n\nfn main() {\n    // Calling the method is still fine, as i32 implements Debug.\n    some_func(5i32);\n\n    // This would fail to compile now:\n    // struct WithoutDebug;\n    // some_func(WithoutDebug);\n}\n```\n\nRust only looks at the signature of the called function, as such it must\nalready specify all requirements that will be used for every type parameter.\n"},"level":"error","spans":[{"file_name":"crates/tdln-wasm/src/lib.rs","byte_start":976,"byte_end":981,"line_start":26,"line_end":26,"column_start":34,"column_end":39,"is_primary":true,"text":[{"text":"    let func = instance.get_func(\"run\").ok_or_else(|| anyhow!(\"missing_export: run\"))?;","highlight_start":34,"highlight_end":39}],"label":"the trait `AsContextMut` is not implemented for `&str`","suggested_replacement":null,"suggestion_applicability":null,"expansion":null},{"file_name":"crates/tdln-wasm/src/lib.rs","byte_start":967,"byte_end":975,"line_start":26,"line_end":26,"column_start":25,"column_end":33,"is_primary":false,"text":[{"text":"    let func = instance.get_func(\"run\").ok_or_else(|| anyhow!(\"missing_export: run\"))?;","highlight_start":25,"highlight_end":33}],"label":"required by a bound introduced by this call","suggested_replacement":null,"suggestion_applicability":null,"expansion":null}],"children":[{"message":"the following other types implement trait `AsContextMut`:\n  &mut T\n  &mut wasmtime::store::StoreInner<T>\n  Caller<'_, T>\n  Store<T>\n  StoreContextMut<'_, T>","code":null,"level":"help","spans":[],"children":[],"rendered":null},{"message":"required by a bound in `Instance::get_func`","code":null,"level":"note","spans":[{"file_name":"/home/runner/.cargo/registry/src/index.crates.io-1949cf8c6b5b557f/wasmtime-16.0.0/src/instance.rs","byte_start":19059,"byte_end":19071,"line_start":461,"line_end":461,"column_start":40,"column_end":52,"is_primary":true,"text":[{"text":"    pub fn get_func(&self, store: impl AsContextMut, name: &str) -> Option<Func> {","highlight_start":40,"highlight_end":52}],"label":"required by this bound in `Instance::get_func`","suggested_replacement":null,"suggestion_applicability":null,"expansion":null}],"children":[],"rendered":null}],"rendered":"\u001b[1m\u001b[91merror[E0277]\u001b[0m\u001b[1m: the trait bound `&str: AsContextMut` is not satisfied\u001b[0m\n   \u001b[1m\u001b[94m--> \u001b[0mcrates/tdln-wasm/src/lib.rs:26:34\n    \u001b[1m\u001b[94m|\u001b[0m\n \u001b[1m\u001b[94m26\u001b[0m \u001b[1m\u001b[94m|\u001b[0m     let func = instance.get_func(\"run\").ok_or_else(|| anyhow!(\"missing_export: run\"))?;\n    \u001b[1m\u001b[94m|\u001b[0m                         \u001b[1m\u001b[94m--------\u001b[0m \u001b[1m\u001b[91m^^^^^\u001b[0m \u001b[1m\u001b[91mthe trait `AsContextMut` is not implemented for `&str`\u001b[0m\n    \u001b[1m\u001b[94m|\u001b[0m                         \u001b[1m\u001b[94m|\u001b[0m\n    \u001b[1m\u001b[94m|\u001b[0m                         \u001b[1m\u001b[94mrequired by a bound introduced by this call\u001b[0m\n    \u001b[1m\u001b[94m|\u001b[0m\n    \u001b[1m\u001b[94m= \u001b[0m\u001b[1mhelp\u001b[0m: the following other types implement trait `AsContextMut`:\n              &mut T\n              &mut wasmtime::store::StoreInner<T>\n              Caller<'_, T>\n              Store<T>\n              StoreContextMut<'_, T>\n\u001b[1m\u001b[92mnote\u001b[0m: required by a bound in `Instance::get_func`\n   \u001b[1m\u001b[94m--> \u001b[0m/home/runner/.cargo/registry/src/index.crates.io-1949cf8c6b5b557f/wasmtime-16.0.0/src/instance.rs:461:40\n    \u001b[1m\u001b[94m|\u001b[0m\n\u001b[1m\u001b[94m461\u001b[0m \u001b[1m\u001b[94m|\u001b[0m     pub fn get_func(&self, store: impl AsContextMut, name: &str) -> Option<Func> {\n    \u001b[1m\u001b[94m|\u001b[0m                                        \u001b[1m\u001b[92m^^^^^^^^^^^^\u001b[0m \u001b[1m\u001b[92mrequired by this bound in `Instance::get_func`\u001b[0m\n\n"}
{"$message_type":"diagnostic","message":"this method takes 2 arguments but 1 argument was supplied","code":{"code":"E0061","explanation":"An invalid number of arguments was passed when calling a function.\n\nErroneous code example:\n\n```compile_fail,E0061\nfn f(u: i32) {}\n\nf(); // error!\n```\n\nThe number of arguments passed to a function must match the number of arguments\nspecified in the function signature.\n\nFor example, a function like:\n\n```\nfn f(a: u16, b: &str) {}\n```\n\nMust always be called with exactly two arguments, e.g., `f(2, \"test\")`.\n\nNote that Rust does not have a notion of optional function arguments or\nvariadic functions (except for its C-FFI).\n"},"level":"error","spans":[{"file_name":"crates/tdln-wasm/src/lib.rs","byte_start":975,"byte_end":982,"line_start":26,"line_end":26,"column_start":33,"column_end":40,"is_primary":false,"text":[{"text":"    let func = instance.get_func(\"run\").ok_or_else(|| anyhow!(\"missing_export: run\"))?;","highlight_start":33,"highlight_end":40}],"label":"argument #2 of type `&str` is missing","suggested_replacement":null,"suggestion_applicability":null,"expansion":null},{"file_name":"crates/tdln-wasm/src/lib.rs","byte_start":967,"byte_end":975,"line_start":26,"line_end":26,"column_start":25,"column_end":33,"is_primary":true,"text":[{"text":"    let func = instance.get_func(\"run\").ok_or_else(|| anyhow!(\"missing_export: run\"))?;","highlight_start":25,"highlight_end":33}],"label":null,"suggested_replacement":null,"suggestion_applicability":null,"expansion":null}],"children":[{"message":"method defined here","code":null,"level":"note","spans":[{"file_name":"/home/runner/.cargo/registry/src/index.crates.io-1949cf8c6b5b557f/wasmtime-16.0.0/src/instance.rs","byte_start":19031,"byte_end":19039,"line_start":461,"line_end":461,"column_start":12,"column_end":20,"is_primary":true,"text":[{"text":"    pub fn get_func(&self, store: impl AsContextMut, name: &str) -> Option<Func> {","highlight_start":12,"highlight_end":20}],"label":null,"suggested_replacement":null,"suggestion_applicability":null,"expansion":null}],"children":[],"rendered":null},{"message":"provide the argument","code":null,"level":"help","spans":[{"file_name":"crates/tdln-wasm/src/lib.rs","byte_start":975,"byte_end":982,"line_start":26,"line_end":26,"column_start":33,"column_end":40,"is_primary":true,"text":[{"text":"    let func = instance.get_func(\"run\").ok_or_else(|| anyhow!(\"missing_export: run\"))?;","highlight_start":33,"highlight_end":40}],"label":null,"suggested_replacement":"(\"run\", /* &str */)","suggestion_applicability":"HasPlaceholders","expansion":null}],"children":[],"rendered":null}],"rendered":"\u001b[1m\u001b[91merror[E0061]\u001b[0m\u001b[1m: this method takes 2 arguments but 1 argument was supplied\u001b[0m\n   \u001b[1m\u001b[94m--> \u001b[0mcrates/tdln-wasm/src/lib.rs:26:25\n    \u001b[1m\u001b[94m|\u001b[0m\n \u001b[1m\u001b[94m26\u001b[0m \u001b[1m\u001b[94m|\u001b[0m     let func = instance.get_func(\"run\").ok_or_else(|| anyhow!(\"missing_export: run\"))?;\n    \u001b[1m\u001b[94m|\u001b[0m                         \u001b[1m\u001b[91m^^^^^^^^\u001b[0m\u001b[1m\u001b[94m-------\u001b[0m \u001b[1m\u001b[94margument #2 of type `&str` is missing\u001b[0m\n    \u001b[1m\u001b[94m|\u001b[0m\n\u001b[1m\u001b[92mnote\u001b[0m: method defined here\n   \u001b[1m\u001b[94m--> \u001b[0m/home/runner/.cargo/registry/src/index.crates.io-1949cf8c6b5b557f/wasmtime-16.0.0/src/instance.rs:461:12\n    \u001b[1m\u001b[94m|\u001b[0m\n\u001b[1m\u001b[94m461\u001b[0m \u001b[1m\u001b[94m|\u001b[0m     pub fn get_func(&self, store: impl AsContextMut, name: &str) -> Option<Func> {\n    \u001b[1m\u001b[94m|\u001b[0m            \u001b[1m\u001b[92m^^^^^^^^\u001b[0m\n\u001b[1m\u001b[96mhelp\u001b[0m: provide the argument\n    \u001b[1m\u001b[94m|\u001b[0m\n \u001b[1m\u001b[94m26\u001b[0m \u001b[1m\u001b[94m| \u001b[0m    let func = instance.get_func(\"run\"\u001b[92m, /* &str */\u001b[0m).ok_or_else(|| anyhow!(\"missing_export: run\"))?;\n    \u001b[1m\u001b[94m|\u001b[0m                                       \u001b[92m++++++++++++\u001b[0m\n\n"}
{"$message_type":"diagnostic","message":"this method takes 1 argument but 0 arguments were supplied","code":{"code":"E0061","explanation":"An invalid number of arguments was passed when calling a function.\n\nErroneous code example:\n\n```compile_fail,E0061\nfn f(u: i32) {}\n\nf(); // error!\n```\n\nThe number of arguments passed to a function must match the number of arguments\nspecified in the function signature.\n\nFor example, a function like:\n\n```\nfn f(a: u16, b: &str) {}\n```\n\nMust always be called with exactly two arguments, e.g., `f(2, \"test\")`.\n\nNote that Rust does not have a notion of optional function arguments or\nvariadic functions (except for its C-FFI).\n"},"level":"error","spans":[{"file_name":"crates/tdln-wasm/src/lib.rs","byte_start":1068,"byte_end":1070,"line_start":27,"line_end":27,"column_start":38,"column_end":40,"is_primary":false,"text":[{"text":"    let typed = func.typed::<(), i32>().map_err(|e| anyhow!(\"type_err: {e}\"))?;","highlight_start":38,"highlight_end":40}],"label":"argument #1 is missing","suggested_replacement":null,"suggestion_applicability":null,"expansion":null},{"file_name":"crates/tdln-wasm/src/lib.rs","byte_start":1052,"byte_end":1068,"line_start":27,"line_end":27,"column_start":22,"column_end":38,"is_primary":true,"text":[{"text":"    let typed = func.typed::<(), i32>().map_err(|e| anyhow!(\"type_err: {e}\"))?;","highlight_start":22,"highlight_end":38}],"label":null,"suggested_replacement":null,"suggestion_applicability":null,"expansion":null}],"children":[{"message":"method defined here","code":null,"level":"note","spans":[{"file_name":"/home/runner/.cargo/registry/src/index.crates.io-1949cf8c6b5b557f/wasmtime-16.0.0/src/func.rs","byte_start":54836,"byte_end":54841,"line_start":1323,"line_end":1323,"column_start":12,"column_end":17,"is_primary":true,"text":[{"text":"    pub fn typed<Params, Results>(","highlight_start":12,"highlight_end":17}],"label":null,"suggested_replacement":null,"suggestion_applicability":null,"expansion":null}],"children":[],"rendered":null},{"message":"provide the argument","code":null,"level":"help","spans":[{"file_name":"crates/tdln-wasm/src/lib.rs","byte_start":1068,"byte_end":1070,"line_start":27,"line_end":27,"column_start":38,"column_end":40,"is_primary":true,"text":[{"text":"    let typed = func.typed::<(), i32>().map_err(|e| anyhow!(\"type_err: {e}\"))?;","highlight_start":38,"highlight_end":40}],"label":null,"suggested_replacement":"(/* store */)","suggestion_applicability":"HasPlaceholders","expansion":null}],"children":[],"rendered":null}],"rendered":"\u001b[1m\u001b[91merror[E0061]\u001b[0m\u001b[1m: this method takes 1 argument but 0 arguments were supplied\u001b[0m\n    \u001b[1m\u001b[94m--> \u001b[0mcrates/tdln-wasm/src/lib.rs:27:22\n     \u001b[1m\u001b[94m|\u001b[0m\n  \u001b[1m\u001b[94m27\u001b[0m \u001b[1m\u001b[94m|\u001b[0m     let typed = func.typed::<(), i32>().map_err(|e| anyhow!(\"type_err: {e}\"))?;\n     \u001b[1m\u001b[94m|\u001b[0m                      \u001b[1m\u001b[91m^^^^^^^^^^^^^^^^\u001b[0m\u001b[1m\u001b[94m--\u001b[0m \u001b[1m\u001b[94margument #1 is missing\u001b[0m\n     \u001b[1m\u001b[94m|\u001b[0m\n\u001b[1m\u001b[92mnote\u001b[0m: method defined here\n    \u001b[1m\u001b[94m--> \u001b[0m/home/runner/.cargo/registry/src/index.crates.io-1949cf8c6b5b557f/wasmtime-16.0.0/src/func.rs:1323:12\n     \u001b[1m\u001b[94m|\u001b[0m\n\u001b[1m\u001b[94m1323\u001b[0m \u001b[1m\u001b[94m|\u001b[0m     pub fn typed<Params, Results>(\n     \u001b[1m\u001b[94m|\u001b[0m            \u001b[1m\u001b[92m^^^^^\u001b[0m\n\u001b[1m\u001b[96mhelp\u001b[0m: provide the argument\n     \u001b[1m\u001b[94m|\u001b[0m\n  \u001b[1m\u001b[94m27\u001b[0m \u001b[1m\u001b[94m| \u001b[0m    let typed = func.typed::<(), i32>(\u001b[92m/* store */\u001b[0m).map_err(|e| anyhow!(\"type_err: {e}\"))?;\n     \u001b[1m\u001b[94m|\u001b[0m                                       \u001b[92m+++++++++++\u001b[0m\n\n"}
{"$message_type":"diagnostic","message":"the trait bound `(): AsContextMut` is not satisfied","code":{"code":"E0277","explanation":"You tried to use a type which doesn't implement some trait in a place which\nexpected that trait.\n\nErroneous code example:\n\n```compile_fail,E0277\n// here we declare the Foo trait with a bar method\ntrait Foo {\n    fn bar(&self);\n}\n\n// we now declare a function which takes an object implementing the Foo trait\nfn some_func<T: Foo>(foo: T) {\n    foo.bar();\n}\n\nfn main() {\n    // we now call the method with the i32 type, which doesn't implement\n    // the Foo trait\n    some_func(5i32); // error: the trait bound `i32 : Foo` is not satisfied\n}\n```\n\nIn order to fix this error, verify that the type you're using does implement\nthe trait. Example:\n\n```\ntrait Foo {\n    fn bar(&self);\n}\n\n// we implement the trait on the i32 type\nimpl Foo for i32 {\n    fn bar(&self) {}\n}\n\nfn some_func<T: Foo>(foo: T) {\n    foo.bar(); // we can now use this method since i32 implements the\n               // Foo trait\n}\n\nfn main() {\n    some_func(5i32); // ok!\n}\n```\n\nOr in a generic context, an erroneous code example would look like:\n\n```compile_fail,E0277\nfn some_func<T>(foo: T) {\n    println!(\"{:?}\", foo); // error: the trait `core::fmt::Debug` is not\n                           //        implemented for the type `T`\n}\n\nfn main() {\n    // We now call the method with the i32 type,\n    // which *does* implement the Debug trait.\n    some_func(5i32);\n}\n```\n\nNote that the error here is in the definition of the generic function. Although\nwe only call it with a parameter that does implement `Debug`, the compiler\nstill rejects the function. It must work with all possible input types. In\norder to make this example compile, we need to restrict the generic type we're\naccepting:\n\n```\nuse std::fmt;\n\n// Restrict the input type to types that implement Debug.\nfn some_func<T: fmt::Debug>(foo: T) {\n    println!(\"{:?}\", foo);\n}\n\nfn main() {\n    // Calling the method is still fine, as i32 implements Debug.\n    some_func(5i32);\n\n    // This would fail to compile now:\n    // struct WithoutDebug;\n    // some_func(WithoutDebug);\n}\n```\n\nRust only looks at the signature of the called function, as such it must\nalready specify all requirements that will be used for every type parameter.\n"},"level":"error","spans":[{"file_name":"crates/tdln-wasm/src/lib.rs","byte_start":1135,"byte_end":1137,"line_start":28,"line_end":28,"column_start":25,"column_end":27,"is_primary":true,"text":[{"text":"    let rc = typed.call(()).map_err(|e| anyhow!(\"call_err: {e}\"))?;","highlight_start":25,"highlight_end":27}],"label":"the trait `AsContextMut` is not implemented for `()`","suggested_replacement":null,"suggestion_applicability":null,"expansion":null},{"file_name":"crates/tdln-wasm/src/lib.rs","byte_start":1130,"byte_end":1134,"line_start":28,"line_end":28,"column_start":20,"column_end":24,"is_primary":false,"text":[{"text":"    let rc = typed.call(()).map_err(|e| anyhow!(\"call_err: {e}\"))?;","highlight_start":20,"highlight_end":24}],"label":"required by a bound introduced by this call","suggested_replacement":null,"suggestion_applicability":null,"expansion":null}],"children":[{"message":"the following other types implement trait `AsContextMut`:\n  &mut T\n  &mut wasmtime::store::StoreInner<T>\n  Caller<'_, T>\n  Store<T>\n  StoreContextMut<'_, T>","code":null,"level":"help","spans":[],"children":[],"rendered":null},{"message":"required by a bound in `TypedFunc::<Params, Results>::call`","code":null,"level":"note","spans":[{"file_name":"/home/runner/.cargo/registry/src/index.crates.io-1949cf8c6b5b557f/wasmtime-16.0.0/src/func/typed.rs","byte_start":2842,"byte_end":2854,"line_start":81,"line_end":81,"column_start":40,"column_end":52,"is_primary":true,"text":[{"text":"    pub fn call(&self, mut store: impl AsContextMut, params: Params) -> Result<Results> {","highlight_start":40,"highlight_end":52}],"label":"required by this bound in `TypedFunc::<Params, Results>::call`","suggested_replacement":null,"suggestion_applicability":null,"expansion":null}],"children":[],"rendered":null}],"rendered":"\u001b[1m\u001b[91merror[E0277]\u001b[0m\u001b[1m: the trait bound `(): AsContextMut` is not satisfied\u001b[0m\n  \u001b[1m\u001b[94m--> \u001b[0mcrates/tdln-wasm/src/lib.rs:28:25\n   \u001b[1m\u001b[94m|\u001b[0m\n\u001b[1m\u001b[94m28\u001b[0m \u001b[1m\u001b[94m|\u001b[0m     let rc = typed.call(()).map_err(|e| anyhow!(\"call_err: {e}\"))?;\n   \u001b[1m\u001b[94m|\u001b[0m                    \u001b[1m\u001b[94m----\u001b[0m \u001b[1m\u001b[91m^^\u001b[0m \u001b[1m\u001b[91mthe trait `AsContextMut` is not implemented for `()`\u001b[0m\n   \u001b[1m\u001b[94m|\u001b[0m                    \u001b[1m\u001b[94m|\u001b[0m\n   \u001b[1m\u001b[94m|\u001b[0m                    \u001b[1m\u001b[94mrequired by a bound introduced by this call\u001b[0m\n   \u001b[1m\u001b[94m|\u001b[0m\n   \u001b[1m\u001b[94m= \u001b[0m\u001b[1mhelp\u001b[0m: the following other types implement trait `AsContextMut`:\n             &mut T\n             &mut wasmtime::store::StoreInner<T>\n             Caller<'_, T>\n             Store<T>\n             StoreContextMut<'_, T>\n\u001b[1m\u001b[92mnote\u001b[0m: required by a bound in `TypedFunc::<Params, Results>::call`\n  \u001b[1m\u001b[94m--> \u001b[0m/home/runner/.cargo/registry/src/index.crates.io-1949cf8c6b5b557f/wasmtime-16.0.0/src/func/typed.rs:81:40\n   \u001b[1m\u001b[94m|\u001b[0m\n\u001b[1m\u001b[94m81\u001b[0m \u001b[1m\u001b[94m|\u001b[0m     pub fn call(&self, mut store: impl AsContextMut, params: Params) -> Result<Results> {\n   \u001b[1m\u001b[94m|\u001b[0m                                        \u001b[1m\u001b[92m^^^^^^^^^^^^\u001b[0m \u001b[1m\u001b[92mrequired by this bound in `TypedFunc::<Params, Results>::call`\u001b[0m\n\n"}
{"$message_type":"diagnostic","message":"this method takes 2 arguments but 1 argument was supplied","code":{"code":"E0061","explanation":"An invalid number of arguments was passed when calling a function.\n\nErroneous code example:\n\n```compile_fail,E0061\nfn f(u: i32) {}\n\nf(); // error!\n```\n\nThe number of arguments passed to a function must match the number of arguments\nspecified in the function signature.\n\nFor example, a function like:\n\n```\nfn f(a: u16, b: &str) {}\n```\n\nMust always be called with exactly two arguments, e.g., `f(2, \"test\")`.\n\nNote that Rust does not have a notion of optional function arguments or\nvariadic functions (except for its C-FFI).\n"},"level":"error","spans":[{"file_name":"crates/tdln-wasm/src/lib.rs","byte_start":1134,"byte_end":1138,"line_start":28,"line_end":28,"column_start":24,"column_end":28,"is_primary":false,"text":[{"text":"    let rc = typed.call(()).map_err(|e| anyhow!(\"call_err: {e}\"))?;","highlight_start":24,"highlight_end":28}],"label":"argument #2 of type `()` is missing","suggested_replacement":null,"suggestion_applicability":null,"expansion":null},{"file_name":"crates/tdln-wasm/src/lib.rs","byte_start":1130,"byte_end":1134,"line_start":28,"line_end":28,"column_start":20,"column_end":24,"is_primary":true,"text":[{"text":"    let rc = typed.call(()).map_err(|e| anyhow!(\"call_err: {e}\"))?;","highlight_start":20,"highlight_end":24}],"label":null,"suggested_replacement":null,"suggestion_applicability":null,"expansion":null}],"children":[{"message":"method defined here","code":null,"level":"note","spans":[{"file_name":"/home/runner/.cargo/registry/src/index.crates.io-1949cf8c6b5b557f/wasmtime-16.0.0/src/func/typed.rs","byte_start":2814,"byte_end":2818,"line_start":81,"line_end":81,"column_start":12,"column_end":16,"is_primary":true,"text":[{"text":"    pub fn call(&self, mut store: impl AsContextMut, params: Params) -> Result<Results> {","highlight_start":12,"highlight_end":16}],"label":null,"suggested_replacement":null,"suggestion_applicability":null,"expansion":null}],"children":[],"rendered":null},{"message":"provide the argument","code":null,"level":"help","spans":[{"file_name":"crates/tdln-wasm/src/lib.rs","byte_start":1134,"byte_end":1138,"line_start":28,"line_end":28,"column_start":24,"column_end":28,"is_primary":true,"text":[{"text":"    let rc = typed.call(()).map_err(|e| anyhow!(\"call_err: {e}\"))?;","highlight_start":24,"highlight_end":28}],"label":null,"suggested_replacement":"((), ())","suggestion_applicability":"HasPlaceholders","expansion":null}],"children":[],"rendered":null}],"rendered":"\u001b[1m\u001b[91merror[E0061]\u001b[0m\u001b[1m: this method takes 2 arguments but 1 argument was supplied\u001b[0m\n  \u001b[1m\u001b[94m--> \u001b[0mcrates/tdln-wasm/src/lib.rs:28:20\n   \u001b[1m\u001b[94m|\u001b[0m\n\u001b[1m\u001b[94m28\u001b[0m \u001b[1m\u001b[94m|\u001b[0m     let rc = typed.call(()).map_err(|e| anyhow!(\"call_err: {e}\"))?;\n   \u001b[1m\u001b[94m|\u001b[0m                    \u001b[1m\u001b[91m^^^^\u001b[0m\u001b[1m\u001b[94m----\u001b[0m \u001b[1m\u001b[94margument #2 of type `()` is missing\u001b[0m\n   \u001b[1m\u001b[94m|\u001b[0m\n\u001b[1m\u001b[92mnote\u001b[0m: method defined here\n  \u001b[1m\u001b[94m--> \u001b[0m/home/runner/.cargo/registry/src/index.crates.io-1949cf8c6b5b557f/wasmtime-16.0.0/src/func/typed.rs:81:12\n   \u001b[1m\u001b[94m|\u001b[0m\n\u001b[1m\u001b[94m81\u001b[0m \u001b[1m\u001b[94m|\u001b[0m     pub fn call(&self, mut store: impl AsContextMut, params: Params) -> Result<Results> {\n   \u001b[1m\u001b[94m|\u001b[0m            \u001b[1m\u001b[92m^^^^\u001b[0m\n\u001b[1m\u001b[96mhelp\u001b[0m: provide the argument\n   \u001b[1m\u001b[94m|\u001b[0m\n\u001b[1m\u001b[94m28\u001b[0m \u001b[1m\u001b[94m| \u001b[0m    let rc = typed.call(()\u001b[92m, ()\u001b[0m).map_err(|e| anyhow!(\"call_err: {e}\"))?;\n   \u001b[1m\u001b[94m|\u001b[0m                           \u001b[92m++++\u001b[0m\n\n"}
{"$message_type":"diagnostic","message":"no method named `fuel` found for struct `Store<T>` in the current scope","code":{"code":"E0599","explanation":"This error occurs when a method is used on a type which doesn't implement it:\n\nErroneous code example:\n\n```compile_fail,E0599\nstruct Mouth;\n\nlet x = Mouth;\nx.chocolate(); // error: no method named `chocolate` found for type `Mouth`\n               //        in the current scope\n```\n\nIn this case, you need to implement the `chocolate` method to fix the error:\n\n```\nstruct Mouth;\n\nimpl Mouth {\n    fn chocolate(&self) { // We implement the `chocolate` method here.\n        println!(\"Hmmm! I love chocolate!\");\n    }\n}\n\nlet x = Mouth;\nx.chocolate(); // ok!\n```\n"},"level":"error","spans":[{"file_name":"crates/tdln-wasm/src/lib.rs","byte_start":1336,"byte_end":1340,"line_start":37,"line_end":37,"column_start":27,"column_end":31,"is_primary":true,"text":[{"text":"    let fuel_left = store.fuel().unwrap_or(0);","highlight_start":27,"highlight_end":31}],"label":null,"suggested_replacement":null,"suggestion_applicability":null,"expansion":null}],"children":[{"message":"there is a method `get_fuel` with a similar name","code":null,"level":"help","spans":[{"file_name":"crates/tdln-wasm/src/lib.rs","byte_start":1336,"byte_end":1340,"line_start":37,"line_end":37,"column_start":27,"column_end":31,"is_primary":true,"text":[{"text":"    let fuel_left = store.fuel().unwrap_or(0);","highlight_start":27,"highlight_end":31}],"label":null,"suggested_replacement":"get_fuel","suggestion_applicability":"MaybeIncorrect","expansion":null}],"children":[],"rendered":null}],"rendered":"\u001b[1m\u001b[91merror[E0599]\u001b[0m\u001b[1m: no method named `fuel` found for struct `Store<T>` in the current scope\u001b[0m\n  \u001b[1m\u001b[94m--> \u001b[0mcrates/tdln-wasm/src/lib.rs:37:27\n   \u001b[1m\u001b[94m|\u001b[0m\n\u001b[1m\u001b[94m37\u001b[0m \u001b[1m\u001b[94m|\u001b[0m     let fuel_left = store.fuel().unwrap_or(0);\n   \u001b[1m\u001b[94m|\u001b[0m                           \u001b[1m\u001b[91m^^^^\u001b[0m\n   \u001b[1m\u001b[94m|\u001b[0m\n\u001b[1m\u001b[96mhelp\u001b[0m: there is a method `get_fuel` with a similar name\n   \u001b[1m\u001b[94m|\u001b[0m\n\u001b[1m\u001b[94m37\u001b[0m \u001b[1m\u001b[94m| \u001b[0m    let fuel_left = store.\u001b[92mget_\u001b[0mfuel().unwrap_or(0);\n   \u001b[1m\u001b[94m|\u001b[0m                           \u001b[92m++++\u001b[0m\n\n"}
{"$message_type":"diagnostic","message":"aborting due to 9 previous errors","code":null,"level":"error","spans":[],"children":[],"rendered":"\u001b[1m\u001b[91merror\u001b[0m\u001b[1m: aborting due to 9 previous errors\u001b[0m\n\n"}
{"$message_type":"diagnostic","message":"Some errors have detailed explanations: E0061, E0277, E0599.","code":null,"level":"failure-note","spans":[],"children":[],"rendered":"\u001b[1mSome errors have detailed explanations: E0061, E0277, E0599.\u001b[0m\n"}
{"$message_type":"diagnostic","message":"For more information about an error, try `rustc --explain E0061`.","code":null,"level":"failure-note","spans":[],"children":[],"rendered":"\u001b[1mFor more information about an error, try `rustc --explain E0061`.\u001b[0m\n"}
